<?xml version="1.0" encoding="UTF-8"?>
<testsuite xmlns:xsi="http://www.w3.org/2001/XMLSchema-instance" xsi:noNamespaceSchemaLocation="https://maven.apache.org/surefire/maven-surefire-plugin/xsd/surefire-test-report.xsd" name="com.cp.ReggieTakeOutApplicationTests" time="4.571" tests="1" errors="0" skipped="0" failures="0">
  <properties>
    <property name="java.specification.version" value="17"/>
    <property name="sun.cpu.isalist" value="amd64"/>
    <property name="sun.jnu.encoding" value="GBK"/>
    <property name="java.class.path" value="F:\Git-repository\gitClone\SpringBootProjects\linux_test\target\test-classes;F:\Git-repository\gitClone\SpringBootProjects\linux_test\target\classes;C:\Users\Aubery\.m2\repository\org\springframework\boot\spring-boot-starter\2.7.4\spring-boot-starter-2.7.4.jar;C:\Users\Aubery\.m2\repository\org\springframework\boot\spring-boot\2.7.4\spring-boot-2.7.4.jar;C:\Users\Aubery\.m2\repository\org\springframework\spring-context\5.3.23\spring-context-5.3.23.jar;C:\Users\Aubery\.m2\repository\org\springframework\boot\spring-boot-autoconfigure\2.7.4\spring-boot-autoconfigure-2.7.4.jar;C:\Users\Aubery\.m2\repository\org\springframework\boot\spring-boot-starter-logging\2.7.4\spring-boot-starter-logging-2.7.4.jar;C:\Users\Aubery\.m2\repository\ch\qos\logback\logback-classic\1.2.11\logback-classic-1.2.11.jar;C:\Users\Aubery\.m2\repository\ch\qos\logback\logback-core\1.2.11\logback-core-1.2.11.jar;C:\Users\Aubery\.m2\repository\org\apache\logging\log4j\log4j-to-slf4j\2.17.2\log4j-to-slf4j-2.17.2.jar;C:\Users\Aubery\.m2\repository\org\apache\logging\log4j\log4j-api\2.17.2\log4j-api-2.17.2.jar;C:\Users\Aubery\.m2\repository\org\slf4j\jul-to-slf4j\1.7.36\jul-to-slf4j-1.7.36.jar;C:\Users\Aubery\.m2\repository\jakarta\annotation\jakarta.annotation-api\1.3.5\jakarta.annotation-api-1.3.5.jar;C:\Users\Aubery\.m2\repository\org\springframework\spring-core\5.3.23\spring-core-5.3.23.jar;C:\Users\Aubery\.m2\repository\org\springframework\spring-jcl\5.3.23\spring-jcl-5.3.23.jar;C:\Users\Aubery\.m2\repository\org\yaml\snakeyaml\1.30\snakeyaml-1.30.jar;C:\Users\Aubery\.m2\repository\org\springframework\boot\spring-boot-starter-test\2.7.4\spring-boot-starter-test-2.7.4.jar;C:\Users\Aubery\.m2\repository\org\springframework\boot\spring-boot-test\2.7.4\spring-boot-test-2.7.4.jar;C:\Users\Aubery\.m2\repository\org\springframework\boot\spring-boot-test-autoconfigure\2.7.4\spring-boot-test-autoconfigure-2.7.4.jar;C:\Users\Aubery\.m2\repository\com\jayway\jsonpath\json-path\2.7.0\json-path-2.7.0.jar;C:\Users\Aubery\.m2\repository\net\minidev\json-smart\2.4.8\json-smart-2.4.8.jar;C:\Users\Aubery\.m2\repository\net\minidev\accessors-smart\2.4.8\accessors-smart-2.4.8.jar;C:\Users\Aubery\.m2\repository\org\ow2\asm\asm\9.1\asm-9.1.jar;C:\Users\Aubery\.m2\repository\jakarta\xml\bind\jakarta.xml.bind-api\2.3.3\jakarta.xml.bind-api-2.3.3.jar;C:\Users\Aubery\.m2\repository\jakarta\activation\jakarta.activation-api\1.2.2\jakarta.activation-api-1.2.2.jar;C:\Users\Aubery\.m2\repository\org\assertj\assertj-core\3.22.0\assertj-core-3.22.0.jar;C:\Users\Aubery\.m2\repository\org\hamcrest\hamcrest\2.2\hamcrest-2.2.jar;C:\Users\Aubery\.m2\repository\org\junit\jupiter\junit-jupiter\5.8.2\junit-jupiter-5.8.2.jar;C:\Users\Aubery\.m2\repository\org\junit\jupiter\junit-jupiter-api\5.8.2\junit-jupiter-api-5.8.2.jar;C:\Users\Aubery\.m2\repository\org\opentest4j\opentest4j\1.2.0\opentest4j-1.2.0.jar;C:\Users\Aubery\.m2\repository\org\junit\platform\junit-platform-commons\1.8.2\junit-platform-commons-1.8.2.jar;C:\Users\Aubery\.m2\repository\org\apiguardian\apiguardian-api\1.1.2\apiguardian-api-1.1.2.jar;C:\Users\Aubery\.m2\repository\org\junit\jupiter\junit-jupiter-params\5.8.2\junit-jupiter-params-5.8.2.jar;C:\Users\Aubery\.m2\repository\org\junit\jupiter\junit-jupiter-engine\5.8.2\junit-jupiter-engine-5.8.2.jar;C:\Users\Aubery\.m2\repository\org\junit\platform\junit-platform-engine\1.8.2\junit-platform-engine-1.8.2.jar;C:\Users\Aubery\.m2\repository\org\mockito\mockito-core\4.5.1\mockito-core-4.5.1.jar;C:\Users\Aubery\.m2\repository\net\bytebuddy\byte-buddy\1.12.17\byte-buddy-1.12.17.jar;C:\Users\Aubery\.m2\repository\net\bytebuddy\byte-buddy-agent\1.12.17\byte-buddy-agent-1.12.17.jar;C:\Users\Aubery\.m2\repository\org\objenesis\objenesis\3.2\objenesis-3.2.jar;C:\Users\Aubery\.m2\repository\org\mockito\mockito-junit-jupiter\4.5.1\mockito-junit-jupiter-4.5.1.jar;C:\Users\Aubery\.m2\repository\org\skyscreamer\jsonassert\1.5.1\jsonassert-1.5.1.jar;C:\Users\Aubery\.m2\repository\com\vaadin\external\google\android-json\0.0.20131108.vaadin1\android-json-0.0.20131108.vaadin1.jar;C:\Users\Aubery\.m2\repository\org\springframework\spring-test\5.3.23\spring-test-5.3.23.jar;C:\Users\Aubery\.m2\repository\org\xmlunit\xmlunit-core\2.9.0\xmlunit-core-2.9.0.jar;C:\Users\Aubery\.m2\repository\org\springframework\boot\spring-boot-starter-web\2.7.4\spring-boot-starter-web-2.7.4.jar;C:\Users\Aubery\.m2\repository\org\springframework\boot\spring-boot-starter-json\2.7.4\spring-boot-starter-json-2.7.4.jar;C:\Users\Aubery\.m2\repository\com\fasterxml\jackson\core\jackson-databind\2.13.4\jackson-databind-2.13.4.jar;C:\Users\Aubery\.m2\repository\com\fasterxml\jackson\core\jackson-annotations\2.13.4\jackson-annotations-2.13.4.jar;C:\Users\Aubery\.m2\repository\com\fasterxml\jackson\core\jackson-core\2.13.4\jackson-core-2.13.4.jar;C:\Users\Aubery\.m2\repository\com\fasterxml\jackson\datatype\jackson-datatype-jdk8\2.13.4\jackson-datatype-jdk8-2.13.4.jar;C:\Users\Aubery\.m2\repository\com\fasterxml\jackson\datatype\jackson-datatype-jsr310\2.13.4\jackson-datatype-jsr310-2.13.4.jar;C:\Users\Aubery\.m2\repository\com\fasterxml\jackson\module\jackson-module-parameter-names\2.13.4\jackson-module-parameter-names-2.13.4.jar;C:\Users\Aubery\.m2\repository\org\springframework\boot\spring-boot-starter-tomcat\2.7.4\spring-boot-starter-tomcat-2.7.4.jar;C:\Users\Aubery\.m2\repository\org\apache\tomcat\embed\tomcat-embed-core\9.0.65\tomcat-embed-core-9.0.65.jar;C:\Users\Aubery\.m2\repository\org\apache\tomcat\embed\tomcat-embed-el\9.0.65\tomcat-embed-el-9.0.65.jar;C:\Users\Aubery\.m2\repository\org\apache\tomcat\embed\tomcat-embed-websocket\9.0.65\tomcat-embed-websocket-9.0.65.jar;C:\Users\Aubery\.m2\repository\org\springframework\spring-web\5.3.23\spring-web-5.3.23.jar;C:\Users\Aubery\.m2\repository\org\springframework\spring-beans\5.3.23\spring-beans-5.3.23.jar;C:\Users\Aubery\.m2\repository\org\springframework\spring-webmvc\5.3.23\spring-webmvc-5.3.23.jar;C:\Users\Aubery\.m2\repository\org\springframework\spring-aop\5.3.23\spring-aop-5.3.23.jar;C:\Users\Aubery\.m2\repository\org\springframework\spring-expression\5.3.23\spring-expression-5.3.23.jar;C:\Users\Aubery\.m2\repository\com\baomidou\mybatis-plus-boot-starter\3.4.3\mybatis-plus-boot-starter-3.4.3.jar;C:\Users\Aubery\.m2\repository\com\baomidou\mybatis-plus\3.4.3\mybatis-plus-3.4.3.jar;C:\Users\Aubery\.m2\repository\com\baomidou\mybatis-plus-extension\3.4.3\mybatis-plus-extension-3.4.3.jar;C:\Users\Aubery\.m2\repository\com\baomidou\mybatis-plus-core\3.4.3\mybatis-plus-core-3.4.3.jar;C:\Users\Aubery\.m2\repository\com\baomidou\mybatis-plus-annotation\3.4.3\mybatis-plus-annotation-3.4.3.jar;C:\Users\Aubery\.m2\repository\com\github\jsqlparser\jsqlparser\4.0\jsqlparser-4.0.jar;C:\Users\Aubery\.m2\repository\org\mybatis\mybatis\3.5.7\mybatis-3.5.7.jar;C:\Users\Aubery\.m2\repository\org\mybatis\mybatis-spring\2.0.6\mybatis-spring-2.0.6.jar;C:\Users\Aubery\.m2\repository\org\springframework\boot\spring-boot-starter-jdbc\2.7.4\spring-boot-starter-jdbc-2.7.4.jar;C:\Users\Aubery\.m2\repository\com\zaxxer\HikariCP\4.0.3\HikariCP-4.0.3.jar;C:\Users\Aubery\.m2\repository\org\springframework\spring-jdbc\5.3.23\spring-jdbc-5.3.23.jar;C:\Users\Aubery\.m2\repository\org\springframework\spring-tx\5.3.23\spring-tx-5.3.23.jar;C:\Users\Aubery\.m2\repository\org\projectlombok\lombok\1.18.24\lombok-1.18.24.jar;C:\Users\Aubery\.m2\repository\com\alibaba\fastjson\1.2.76\fastjson-1.2.76.jar;C:\Users\Aubery\.m2\repository\commons-lang\commons-lang\2.6\commons-lang-2.6.jar;C:\Users\Aubery\.m2\repository\mysql\mysql-connector-java\8.0.30\mysql-connector-java-8.0.30.jar;C:\Users\Aubery\.m2\repository\com\tencentcloudapi\tencentcloud-sdk-java\3.1.390\tencentcloud-sdk-java-3.1.390.jar;C:\Users\Aubery\.m2\repository\commons-logging\commons-logging\1.2\commons-logging-1.2.jar;C:\Users\Aubery\.m2\repository\com\squareup\okio\okio\1.12.0\okio-1.12.0.jar;C:\Users\Aubery\.m2\repository\com\squareup\okhttp\okhttp\2.7.5\okhttp-2.7.5.jar;C:\Users\Aubery\.m2\repository\com\google\code\gson\gson\2.9.1\gson-2.9.1.jar;C:\Users\Aubery\.m2\repository\javax\xml\bind\jaxb-api\2.3.1\jaxb-api-2.3.1.jar;C:\Users\Aubery\.m2\repository\javax\activation\javax.activation-api\1.2.0\javax.activation-api-1.2.0.jar;C:\Users\Aubery\.m2\repository\com\squareup\okhttp\logging-interceptor\2.7.5\logging-interceptor-2.7.5.jar;C:\Users\Aubery\.m2\repository\org\ini4j\ini4j\0.5.4\ini4j-0.5.4.jar;C:\Users\Aubery\.m2\repository\com\alibaba\druid-spring-boot-starter\1.2.14\druid-spring-boot-starter-1.2.14.jar;C:\Users\Aubery\.m2\repository\com\alibaba\druid\1.2.14\druid-1.2.14.jar;C:\Users\Aubery\.m2\repository\org\slf4j\slf4j-api\1.7.36\slf4j-api-1.7.36.jar;C:\Users\Aubery\.m2\repository\org\springframework\boot\spring-boot-starter-mail\2.7.4\spring-boot-starter-mail-2.7.4.jar;C:\Users\Aubery\.m2\repository\org\springframework\spring-context-support\5.3.23\spring-context-support-5.3.23.jar;C:\Users\Aubery\.m2\repository\com\sun\mail\jakarta.mail\1.6.7\jakarta.mail-1.6.7.jar;C:\Users\Aubery\.m2\repository\com\sun\activation\jakarta.activation\1.2.2\jakarta.activation-1.2.2.jar;C:\Users\Aubery\.m2\repository\org\springframework\boot\spring-boot-starter-thymeleaf\2.7.4\spring-boot-starter-thymeleaf-2.7.4.jar;C:\Users\Aubery\.m2\repository\org\thymeleaf\thymeleaf-spring5\3.0.15.RELEASE\thymeleaf-spring5-3.0.15.RELEASE.jar;C:\Users\Aubery\.m2\repository\org\thymeleaf\thymeleaf\3.0.15.RELEASE\thymeleaf-3.0.15.RELEASE.jar;C:\Users\Aubery\.m2\repository\org\attoparser\attoparser\2.0.5.RELEASE\attoparser-2.0.5.RELEASE.jar;C:\Users\Aubery\.m2\repository\org\unbescape\unbescape\1.1.6.RELEASE\unbescape-1.1.6.RELEASE.jar;C:\Users\Aubery\.m2\repository\org\thymeleaf\extras\thymeleaf-extras-java8time\3.0.4.RELEASE\thymeleaf-extras-java8time-3.0.4.RELEASE.jar;C:\Users\Aubery\.m2\repository\com\github\qcloudsms\qcloudsms\1.0.6\qcloudsms-1.0.6.jar;C:\Users\Aubery\.m2\repository\org\json\json\20170516\json-20170516.jar;C:\Users\Aubery\.m2\repository\org\apache\httpcomponents\httpclient\4.5.13\httpclient-4.5.13.jar;C:\Users\Aubery\.m2\repository\org\apache\httpcomponents\httpcore\4.4.15\httpcore-4.4.15.jar;C:\Users\Aubery\.m2\repository\org\apache\httpcomponents\httpmime\4.5.13\httpmime-4.5.13.jar;C:\Users\Aubery\.m2\repository\commons-codec\commons-codec\1.15\commons-codec-1.15.jar;"/>
    <property name="java.vm.vendor" value="Oracle Corporation"/>
    <property name="sun.arch.data.model" value="64"/>
    <property name="user.variant" value=""/>
    <property name="java.vendor.url" value="https://java.oracle.com/"/>
    <property name="user.timezone" value="Asia/Shanghai"/>
    <property name="os.name" value="Windows 11"/>
    <property name="java.vm.specification.version" value="17"/>
    <property name="sun.java.launcher" value="SUN_STANDARD"/>
    <property name="user.country" value="CN"/>
    <property name="sun.boot.library.path" value="D:\jdk\jdk-17.0.5\bin"/>
    <property name="sun.java.command" value="C:\Users\Aubery\AppData\Local\Temp\surefire15245282281112222779\surefirebooter3892226499950154194.jar C:\Users\Aubery\AppData\Local\Temp\surefire15245282281112222779 2024-01-05T17-13-51_562-jvmRun1 surefire4529404357163134211tmp surefire_05401797342500110085tmp"/>
    <property name="jdk.debug" value="release"/>
    <property name="surefire.test.class.path" value="F:\Git-repository\gitClone\SpringBootProjects\linux_test\target\test-classes;F:\Git-repository\gitClone\SpringBootProjects\linux_test\target\classes;C:\Users\Aubery\.m2\repository\org\springframework\boot\spring-boot-starter\2.7.4\spring-boot-starter-2.7.4.jar;C:\Users\Aubery\.m2\repository\org\springframework\boot\spring-boot\2.7.4\spring-boot-2.7.4.jar;C:\Users\Aubery\.m2\repository\org\springframework\spring-context\5.3.23\spring-context-5.3.23.jar;C:\Users\Aubery\.m2\repository\org\springframework\boot\spring-boot-autoconfigure\2.7.4\spring-boot-autoconfigure-2.7.4.jar;C:\Users\Aubery\.m2\repository\org\springframework\boot\spring-boot-starter-logging\2.7.4\spring-boot-starter-logging-2.7.4.jar;C:\Users\Aubery\.m2\repository\ch\qos\logback\logback-classic\1.2.11\logback-classic-1.2.11.jar;C:\Users\Aubery\.m2\repository\ch\qos\logback\logback-core\1.2.11\logback-core-1.2.11.jar;C:\Users\Aubery\.m2\repository\org\apache\logging\log4j\log4j-to-slf4j\2.17.2\log4j-to-slf4j-2.17.2.jar;C:\Users\Aubery\.m2\repository\org\apache\logging\log4j\log4j-api\2.17.2\log4j-api-2.17.2.jar;C:\Users\Aubery\.m2\repository\org\slf4j\jul-to-slf4j\1.7.36\jul-to-slf4j-1.7.36.jar;C:\Users\Aubery\.m2\repository\jakarta\annotation\jakarta.annotation-api\1.3.5\jakarta.annotation-api-1.3.5.jar;C:\Users\Aubery\.m2\repository\org\springframework\spring-core\5.3.23\spring-core-5.3.23.jar;C:\Users\Aubery\.m2\repository\org\springframework\spring-jcl\5.3.23\spring-jcl-5.3.23.jar;C:\Users\Aubery\.m2\repository\org\yaml\snakeyaml\1.30\snakeyaml-1.30.jar;C:\Users\Aubery\.m2\repository\org\springframework\boot\spring-boot-starter-test\2.7.4\spring-boot-starter-test-2.7.4.jar;C:\Users\Aubery\.m2\repository\org\springframework\boot\spring-boot-test\2.7.4\spring-boot-test-2.7.4.jar;C:\Users\Aubery\.m2\repository\org\springframework\boot\spring-boot-test-autoconfigure\2.7.4\spring-boot-test-autoconfigure-2.7.4.jar;C:\Users\Aubery\.m2\repository\com\jayway\jsonpath\json-path\2.7.0\json-path-2.7.0.jar;C:\Users\Aubery\.m2\repository\net\minidev\json-smart\2.4.8\json-smart-2.4.8.jar;C:\Users\Aubery\.m2\repository\net\minidev\accessors-smart\2.4.8\accessors-smart-2.4.8.jar;C:\Users\Aubery\.m2\repository\org\ow2\asm\asm\9.1\asm-9.1.jar;C:\Users\Aubery\.m2\repository\jakarta\xml\bind\jakarta.xml.bind-api\2.3.3\jakarta.xml.bind-api-2.3.3.jar;C:\Users\Aubery\.m2\repository\jakarta\activation\jakarta.activation-api\1.2.2\jakarta.activation-api-1.2.2.jar;C:\Users\Aubery\.m2\repository\org\assertj\assertj-core\3.22.0\assertj-core-3.22.0.jar;C:\Users\Aubery\.m2\repository\org\hamcrest\hamcrest\2.2\hamcrest-2.2.jar;C:\Users\Aubery\.m2\repository\org\junit\jupiter\junit-jupiter\5.8.2\junit-jupiter-5.8.2.jar;C:\Users\Aubery\.m2\repository\org\junit\jupiter\junit-jupiter-api\5.8.2\junit-jupiter-api-5.8.2.jar;C:\Users\Aubery\.m2\repository\org\opentest4j\opentest4j\1.2.0\opentest4j-1.2.0.jar;C:\Users\Aubery\.m2\repository\org\junit\platform\junit-platform-commons\1.8.2\junit-platform-commons-1.8.2.jar;C:\Users\Aubery\.m2\repository\org\apiguardian\apiguardian-api\1.1.2\apiguardian-api-1.1.2.jar;C:\Users\Aubery\.m2\repository\org\junit\jupiter\junit-jupiter-params\5.8.2\junit-jupiter-params-5.8.2.jar;C:\Users\Aubery\.m2\repository\org\junit\jupiter\junit-jupiter-engine\5.8.2\junit-jupiter-engine-5.8.2.jar;C:\Users\Aubery\.m2\repository\org\junit\platform\junit-platform-engine\1.8.2\junit-platform-engine-1.8.2.jar;C:\Users\Aubery\.m2\repository\org\mockito\mockito-core\4.5.1\mockito-core-4.5.1.jar;C:\Users\Aubery\.m2\repository\net\bytebuddy\byte-buddy\1.12.17\byte-buddy-1.12.17.jar;C:\Users\Aubery\.m2\repository\net\bytebuddy\byte-buddy-agent\1.12.17\byte-buddy-agent-1.12.17.jar;C:\Users\Aubery\.m2\repository\org\objenesis\objenesis\3.2\objenesis-3.2.jar;C:\Users\Aubery\.m2\repository\org\mockito\mockito-junit-jupiter\4.5.1\mockito-junit-jupiter-4.5.1.jar;C:\Users\Aubery\.m2\repository\org\skyscreamer\jsonassert\1.5.1\jsonassert-1.5.1.jar;C:\Users\Aubery\.m2\repository\com\vaadin\external\google\android-json\0.0.20131108.vaadin1\android-json-0.0.20131108.vaadin1.jar;C:\Users\Aubery\.m2\repository\org\springframework\spring-test\5.3.23\spring-test-5.3.23.jar;C:\Users\Aubery\.m2\repository\org\xmlunit\xmlunit-core\2.9.0\xmlunit-core-2.9.0.jar;C:\Users\Aubery\.m2\repository\org\springframework\boot\spring-boot-starter-web\2.7.4\spring-boot-starter-web-2.7.4.jar;C:\Users\Aubery\.m2\repository\org\springframework\boot\spring-boot-starter-json\2.7.4\spring-boot-starter-json-2.7.4.jar;C:\Users\Aubery\.m2\repository\com\fasterxml\jackson\core\jackson-databind\2.13.4\jackson-databind-2.13.4.jar;C:\Users\Aubery\.m2\repository\com\fasterxml\jackson\core\jackson-annotations\2.13.4\jackson-annotations-2.13.4.jar;C:\Users\Aubery\.m2\repository\com\fasterxml\jackson\core\jackson-core\2.13.4\jackson-core-2.13.4.jar;C:\Users\Aubery\.m2\repository\com\fasterxml\jackson\datatype\jackson-datatype-jdk8\2.13.4\jackson-datatype-jdk8-2.13.4.jar;C:\Users\Aubery\.m2\repository\com\fasterxml\jackson\datatype\jackson-datatype-jsr310\2.13.4\jackson-datatype-jsr310-2.13.4.jar;C:\Users\Aubery\.m2\repository\com\fasterxml\jackson\module\jackson-module-parameter-names\2.13.4\jackson-module-parameter-names-2.13.4.jar;C:\Users\Aubery\.m2\repository\org\springframework\boot\spring-boot-starter-tomcat\2.7.4\spring-boot-starter-tomcat-2.7.4.jar;C:\Users\Aubery\.m2\repository\org\apache\tomcat\embed\tomcat-embed-core\9.0.65\tomcat-embed-core-9.0.65.jar;C:\Users\Aubery\.m2\repository\org\apache\tomcat\embed\tomcat-embed-el\9.0.65\tomcat-embed-el-9.0.65.jar;C:\Users\Aubery\.m2\repository\org\apache\tomcat\embed\tomcat-embed-websocket\9.0.65\tomcat-embed-websocket-9.0.65.jar;C:\Users\Aubery\.m2\repository\org\springframework\spring-web\5.3.23\spring-web-5.3.23.jar;C:\Users\Aubery\.m2\repository\org\springframework\spring-beans\5.3.23\spring-beans-5.3.23.jar;C:\Users\Aubery\.m2\repository\org\springframework\spring-webmvc\5.3.23\spring-webmvc-5.3.23.jar;C:\Users\Aubery\.m2\repository\org\springframework\spring-aop\5.3.23\spring-aop-5.3.23.jar;C:\Users\Aubery\.m2\repository\org\springframework\spring-expression\5.3.23\spring-expression-5.3.23.jar;C:\Users\Aubery\.m2\repository\com\baomidou\mybatis-plus-boot-starter\3.4.3\mybatis-plus-boot-starter-3.4.3.jar;C:\Users\Aubery\.m2\repository\com\baomidou\mybatis-plus\3.4.3\mybatis-plus-3.4.3.jar;C:\Users\Aubery\.m2\repository\com\baomidou\mybatis-plus-extension\3.4.3\mybatis-plus-extension-3.4.3.jar;C:\Users\Aubery\.m2\repository\com\baomidou\mybatis-plus-core\3.4.3\mybatis-plus-core-3.4.3.jar;C:\Users\Aubery\.m2\repository\com\baomidou\mybatis-plus-annotation\3.4.3\mybatis-plus-annotation-3.4.3.jar;C:\Users\Aubery\.m2\repository\com\github\jsqlparser\jsqlparser\4.0\jsqlparser-4.0.jar;C:\Users\Aubery\.m2\repository\org\mybatis\mybatis\3.5.7\mybatis-3.5.7.jar;C:\Users\Aubery\.m2\repository\org\mybatis\mybatis-spring\2.0.6\mybatis-spring-2.0.6.jar;C:\Users\Aubery\.m2\repository\org\springframework\boot\spring-boot-starter-jdbc\2.7.4\spring-boot-starter-jdbc-2.7.4.jar;C:\Users\Aubery\.m2\repository\com\zaxxer\HikariCP\4.0.3\HikariCP-4.0.3.jar;C:\Users\Aubery\.m2\repository\org\springframework\spring-jdbc\5.3.23\spring-jdbc-5.3.23.jar;C:\Users\Aubery\.m2\repository\org\springframework\spring-tx\5.3.23\spring-tx-5.3.23.jar;C:\Users\Aubery\.m2\repository\org\projectlombok\lombok\1.18.24\lombok-1.18.24.jar;C:\Users\Aubery\.m2\repository\com\alibaba\fastjson\1.2.76\fastjson-1.2.76.jar;C:\Users\Aubery\.m2\repository\commons-lang\commons-lang\2.6\commons-lang-2.6.jar;C:\Users\Aubery\.m2\repository\mysql\mysql-connector-java\8.0.30\mysql-connector-java-8.0.30.jar;C:\Users\Aubery\.m2\repository\com\tencentcloudapi\tencentcloud-sdk-java\3.1.390\tencentcloud-sdk-java-3.1.390.jar;C:\Users\Aubery\.m2\repository\commons-logging\commons-logging\1.2\commons-logging-1.2.jar;C:\Users\Aubery\.m2\repository\com\squareup\okio\okio\1.12.0\okio-1.12.0.jar;C:\Users\Aubery\.m2\repository\com\squareup\okhttp\okhttp\2.7.5\okhttp-2.7.5.jar;C:\Users\Aubery\.m2\repository\com\google\code\gson\gson\2.9.1\gson-2.9.1.jar;C:\Users\Aubery\.m2\repository\javax\xml\bind\jaxb-api\2.3.1\jaxb-api-2.3.1.jar;C:\Users\Aubery\.m2\repository\javax\activation\javax.activation-api\1.2.0\javax.activation-api-1.2.0.jar;C:\Users\Aubery\.m2\repository\com\squareup\okhttp\logging-interceptor\2.7.5\logging-interceptor-2.7.5.jar;C:\Users\Aubery\.m2\repository\org\ini4j\ini4j\0.5.4\ini4j-0.5.4.jar;C:\Users\Aubery\.m2\repository\com\alibaba\druid-spring-boot-starter\1.2.14\druid-spring-boot-starter-1.2.14.jar;C:\Users\Aubery\.m2\repository\com\alibaba\druid\1.2.14\druid-1.2.14.jar;C:\Users\Aubery\.m2\repository\org\slf4j\slf4j-api\1.7.36\slf4j-api-1.7.36.jar;C:\Users\Aubery\.m2\repository\org\springframework\boot\spring-boot-starter-mail\2.7.4\spring-boot-starter-mail-2.7.4.jar;C:\Users\Aubery\.m2\repository\org\springframework\spring-context-support\5.3.23\spring-context-support-5.3.23.jar;C:\Users\Aubery\.m2\repository\com\sun\mail\jakarta.mail\1.6.7\jakarta.mail-1.6.7.jar;C:\Users\Aubery\.m2\repository\com\sun\activation\jakarta.activation\1.2.2\jakarta.activation-1.2.2.jar;C:\Users\Aubery\.m2\repository\org\springframework\boot\spring-boot-starter-thymeleaf\2.7.4\spring-boot-starter-thymeleaf-2.7.4.jar;C:\Users\Aubery\.m2\repository\org\thymeleaf\thymeleaf-spring5\3.0.15.RELEASE\thymeleaf-spring5-3.0.15.RELEASE.jar;C:\Users\Aubery\.m2\repository\org\thymeleaf\thymeleaf\3.0.15.RELEASE\thymeleaf-3.0.15.RELEASE.jar;C:\Users\Aubery\.m2\repository\org\attoparser\attoparser\2.0.5.RELEASE\attoparser-2.0.5.RELEASE.jar;C:\Users\Aubery\.m2\repository\org\unbescape\unbescape\1.1.6.RELEASE\unbescape-1.1.6.RELEASE.jar;C:\Users\Aubery\.m2\repository\org\thymeleaf\extras\thymeleaf-extras-java8time\3.0.4.RELEASE\thymeleaf-extras-java8time-3.0.4.RELEASE.jar;C:\Users\Aubery\.m2\repository\com\github\qcloudsms\qcloudsms\1.0.6\qcloudsms-1.0.6.jar;C:\Users\Aubery\.m2\repository\org\json\json\20170516\json-20170516.jar;C:\Users\Aubery\.m2\repository\org\apache\httpcomponents\httpclient\4.5.13\httpclient-4.5.13.jar;C:\Users\Aubery\.m2\repository\org\apache\httpcomponents\httpcore\4.4.15\httpcore-4.4.15.jar;C:\Users\Aubery\.m2\repository\org\apache\httpcomponents\httpmime\4.5.13\httpmime-4.5.13.jar;C:\Users\Aubery\.m2\repository\commons-codec\commons-codec\1.15\commons-codec-1.15.jar;"/>
    <property name="sun.cpu.endian" value="little"/>
    <property name="user.home" value="C:\Users\Aubery"/>
    <property name="user.language" value="zh"/>
    <property name="java.specification.vendor" value="Oracle Corporation"/>
    <property name="java.version.date" value="2022-10-18"/>
    <property name="java.home" value="D:\jdk\jdk-17.0.5"/>
    <property name="file.separator" value="\"/>
    <property name="basedir" value="F:\Git-repository\gitClone\SpringBootProjects\linux_test"/>
    <property name="java.vm.compressedOopsMode" value="Zero based"/>
    <property name="line.separator" value="&#10;"/>
    <property name="java.vm.specification.vendor" value="Oracle Corporation"/>
    <property name="java.specification.name" value="Java Platform API Specification"/>
    <property name="surefire.real.class.path" value="C:\Users\Aubery\AppData\Local\Temp\surefire15245282281112222779\surefirebooter3892226499950154194.jar"/>
    <property name="user.script" value=""/>
    <property name="sun.management.compiler" value="HotSpot 64-Bit Tiered Compilers"/>
    <property name="java.runtime.version" value="17.0.5+9-LTS-191"/>
    <property name="user.name" value="Aubery"/>
    <property name="path.separator" value=";"/>
    <property name="os.version" value="10.0"/>
    <property name="java.runtime.name" value="Java(TM) SE Runtime Environment"/>
    <property name="file.encoding" value="GBK"/>
    <property name="java.vm.name" value="Java HotSpot(TM) 64-Bit Server VM"/>
    <property name="localRepository" value="C:\Users\Aubery\.m2\repository"/>
    <property name="java.vendor.url.bug" value="https://bugreport.java.com/bugreport/"/>
    <property name="java.io.tmpdir" value="C:\Users\Aubery\AppData\Local\Temp\"/>
    <property name="idea.version" value="2022.3.2"/>
    <property name="java.version" value="17.0.5"/>
    <property name="user.dir" value="F:\Git-repository\gitClone\SpringBootProjects\linux_test"/>
    <property name="os.arch" value="amd64"/>
    <property name="java.vm.specification.name" value="Java Virtual Machine Specification"/>
    <property name="sun.os.patch.level" value=""/>
    <property name="native.encoding" value="GBK"/>
    <property name="java.library.path" value="D:\jdk\jdk-17.0.5\bin;C:\WINDOWS\Sun\Java\bin;C:\WINDOWS\system32;C:\WINDOWS;F:\VMware\VMware Workstation\bin\;F:\Program Files (x86)\VMware\VMware Workstation\bin\;D:\jdk\jdk-17.0.5\bin;D:\apache-maven-3.9.4\bin;C:\Program Files (x86)\Common Files\Intel\Shared Libraries\redist\intel64\compiler;C:\Windows\system32;C:\Windows;C:\Windows\System32\Wbem;C:\Windows\System32\WindowsPowerShell\v1.0\;C:\Windows\System32\OpenSSH\;C:\Program Files (x86)\NVIDIA Corporation\PhysX\Common;C:\Program Files\NVIDIA Corporation\NVIDIA NvDLISR;D:\MATLAB2016\runtime\win64;D:\MATLAB2016\bin;D:\matlab\runtime\win64;D:\matlab\bin;D:\runtime\win64;D:\bin;F:\DataBase\redis;D:\polyspace\bin;D:\matlab\polyspace\bin;C:\Program Files\MySQL\MySQL Server 5.6\bin;D:\MATLAB2016\polyspace\bin;C:\Program Files\Microsoft SQL Server\Client SDK\ODBC\170\Tools\Binn\;C:\Program Files (x86)\Microsoft SQL Server\150\Tools\Binn\;C:\Program Files\Microsoft SQL Server\150\Tools\Binn\;C:\Program Files\Microsoft SQL Server\150\DTS\Binn\;C:\Program Files (x86)\Microsoft SQL Server\150\DTS\Binn\;C:\Program Files\Azure Data Studio\bin;D:\tomcat10\apache-tomcat-10.0.26\lib;D:\tomcat10\apache-tomcat-10.0.26\bin;C:\Program Files\dotnet\;C:\Windows\Microsoft.NET\Framework\v4.0.30319;D:\Users\Aubery\PycharmProjects\pythonProject\venv\Scripts;E:\P;C:\WINDOWS\system32;C:\WINDOWS;C:\WINDOWS\System32\Wbem;C:\WINDOWS\System32\WindowsPowerShell\v1.0\;C:\WINDOWS\System32\OpenSSH\;D:\Microsoft VS Code\bin;F:\Git\cmd;F:\Xshell 7\;F:\Xftp 7\;C:\Users\Aubery\AppData\Local\Microsoft\WindowsApps;C:\Program Files\Bandizip\;D:\vscode1\mingw64\bin;D:\Microsoft VS Code\bin;D:\idea202203\IntelliJ IDEA 223.4884.69\bin;C:\Program Files\Azure Data Studio\bin;C:\Users\Aubery\AppData\Local\JetBrains\Toolbox\scripts;D:\IntelliJ IDEA 2022.3.2\bin;;C:\Users\Aubery\.dotnet\tools;;F:\Program Files\JetBrains\DataGrip 2023.2.1\bin;;C:\Users\Aubery\AppData\Local\Microsoft\WindowsApps;."/>
    <property name="java.vm.info" value="mixed mode, sharing"/>
    <property name="java.vendor" value="Oracle Corporation"/>
    <property name="java.vm.version" value="17.0.5+9-LTS-191"/>
    <property name="sun.io.unicode.encoding" value="UnicodeLittle"/>
    <property name="java.class.version" value="61.0"/>
  </properties>
  <testcase name="contextLoads" classname="com.cp.ReggieTakeOutApplicationTests" time="0.422"/>
</testsuite>